<<<<<<< HEAD
﻿生成启动时间为 2015/1/31 22:27:44。
     1>项目“D:\Code\Win32Project\Win32Project_20150120\Win32Project_20150120.vcxproj”在节点 2 上(Build 个目标)。
     1>Link:
         Win32Project_20150120.vcxproj -> D:\Code\Win32Project\Debug\Win32Project_20150120.exe
     1>已完成生成项目“D:\Code\Win32Project\Win32Project_20150120\Win32Project_20150120.vcxproj”(Build 个目标)的操作。

生成成功。

已用时间 00:00:01.12
=======
﻿生成启动时间为 2015-01-22 21:39:17。
     1>项目“C:\Code\Win32Project\Win32Project_20150120\Win32Project_20150120.vcxproj”在节点 2 上(Rebuild 个目标)。
     1>ClCompile:
         C:\Program Files (x86)\Microsoft Visual Studio 12.0\VC\bin\CL.exe /c /ZI /nologo /W3 /WX- /Od /Oy- /D WIN32 /D _DEBUG /D _WINDOWS /D _UNICODE /D UNICODE /Gm /EHsc /RTC1 /MDd /GS /fp:precise /Zc:wchar_t /Zc:forScope /Yc"stdafx.h" /Fp"Debug\Win32Project_20150120.pch" /Fo"Debug\\" /Fd"Debug\vc120.pdb" /Gd /TP /analyze- /errorReport:prompt stdafx.cpp
         stdafx.cpp
         C:\Program Files (x86)\Microsoft Visual Studio 12.0\VC\bin\CL.exe /c /ZI /nologo /W3 /WX- /Od /Oy- /D WIN32 /D _DEBUG /D _WINDOWS /D _UNICODE /D UNICODE /Gm /EHsc /RTC1 /MDd /GS /fp:precise /Zc:wchar_t /Zc:forScope /Yu"stdafx.h" /Fp"Debug\Win32Project_20150120.pch" /Fo"Debug\\" /Fd"Debug\vc120.pdb" /Gd /TP /analyze- /errorReport:prompt Win32Project_20150120.cpp
         Win32Project_20150120.cpp
       ResourceCompile:
         C:\Program Files (x86)\Windows Kits\8.1\bin\x86\rc.exe /D _UNICODE /D UNICODE /l"0x0409" /nologo /fo"Debug\Win32Project_20150120.res" Win32Project_20150120.rc 
       Link:
         C:\Program Files (x86)\Microsoft Visual Studio 12.0\VC\bin\link.exe /ERRORREPORT:PROMPT /OUT:"C:\Code\Win32Project\Debug\Win32Project_20150120.exe" /INCREMENTAL /NOLOGO kernel32.lib user32.lib gdi32.lib winspool.lib comdlg32.lib advapi32.lib shell32.lib ole32.lib oleaut32.lib uuid.lib odbc32.lib odbccp32.lib /MANIFEST /MANIFESTUAC:"level='asInvoker' uiAccess='false'" /manifest:embed /DEBUG /PDB:"C:\Code\Win32Project\Debug\Win32Project_20150120.pdb" /SUBSYSTEM:WINDOWS /TLBID:1 /DYNAMICBASE /NXCOMPAT /IMPLIB:"C:\Code\Win32Project\Debug\Win32Project_20150120.lib" /MACHINE:X86 Debug\Win32Project_20150120.res
         Debug\stdafx.obj
         Debug\Win32Project_20150120.obj
         Win32Project_20150120.vcxproj -> C:\Code\Win32Project\Debug\Win32Project_20150120.exe
     1>已完成生成项目“C:\Code\Win32Project\Win32Project_20150120\Win32Project_20150120.vcxproj”(Rebuild 个目标)的操作。

生成成功。

已用时间 00:00:00.81
>>>>>>> d671c92bf04503687914f8ca81228dd76a0a92b4
